Determining if the pthread_create exist failed with the following output:
Change Dir: /home/mikel/workspace/ros/PacBot/Brian/brian/build/CMakeFiles/CMakeTmp

Run Build Command:/usr/bin/make "cmTryCompileExec1320141858/fast"
make[1]: Entering directory `/home/mikel/workspace/ros/PacBot/Brian/brian/build/CMakeFiles/CMakeTmp'
/usr/bin/make -f CMakeFiles/cmTryCompileExec1320141858.dir/build.make CMakeFiles/cmTryCompileExec1320141858.dir/build
make[2]: Entering directory `/home/mikel/workspace/ros/PacBot/Brian/brian/build/CMakeFiles/CMakeTmp'
/usr/bin/cmake -E cmake_progress_report /home/mikel/workspace/ros/PacBot/Brian/brian/build/CMakeFiles/CMakeTmp/CMakeFiles 1
Building C object CMakeFiles/cmTryCompileExec1320141858.dir/CheckSymbolExists.c.o
/usr/bin/cc    -o CMakeFiles/cmTryCompileExec1320141858.dir/CheckSymbolExists.c.o   -c /home/mikel/workspace/ros/PacBot/Brian/brian/build/CMakeFiles/CMakeTmp/CheckSymbolExists.c
Linking C executable cmTryCompileExec1320141858
/usr/bin/cmake -E cmake_link_script CMakeFiles/cmTryCompileExec1320141858.dir/link.txt --verbose=1
/usr/bin/cc         CMakeFiles/cmTryCompileExec1320141858.dir/CheckSymbolExists.c.o  -o cmTryCompileExec1320141858 -rdynamic 
CMakeFiles/cmTryCompileExec1320141858.dir/CheckSymbolExists.c.o: In function `main':
CheckSymbolExists.c:(.text+0x16): undefined reference to `pthread_create'
collect2: error: ld returned 1 exit status
make[2]: *** [cmTryCompileExec1320141858] Error 1
make[2]: Leaving directory `/home/mikel/workspace/ros/PacBot/Brian/brian/build/CMakeFiles/CMakeTmp'
make[1]: *** [cmTryCompileExec1320141858/fast] Error 2
make[1]: Leaving directory `/home/mikel/workspace/ros/PacBot/Brian/brian/build/CMakeFiles/CMakeTmp'

File /home/mikel/workspace/ros/PacBot/Brian/brian/build/CMakeFiles/CMakeTmp/CheckSymbolExists.c:
/* */
#include <pthread.h>

int main(int argc, char** argv)
{
  (void)argv;
#ifndef pthread_create
  return ((int*)(&pthread_create))[argc];
#else
  (void)argc;
  return 0;
#endif
}

Determining if the function pthread_create exists in the pthreads failed with the following output:
Change Dir: /home/mikel/workspace/ros/PacBot/Brian/brian/build/CMakeFiles/CMakeTmp

Run Build Command:/usr/bin/make "cmTryCompileExec1402961747/fast"
make[1]: Entering directory `/home/mikel/workspace/ros/PacBot/Brian/brian/build/CMakeFiles/CMakeTmp'
/usr/bin/make -f CMakeFiles/cmTryCompileExec1402961747.dir/build.make CMakeFiles/cmTryCompileExec1402961747.dir/build
make[2]: Entering directory `/home/mikel/workspace/ros/PacBot/Brian/brian/build/CMakeFiles/CMakeTmp'
/usr/bin/cmake -E cmake_progress_report /home/mikel/workspace/ros/PacBot/Brian/brian/build/CMakeFiles/CMakeTmp/CMakeFiles 1
Building C object CMakeFiles/cmTryCompileExec1402961747.dir/CheckFunctionExists.c.o
/usr/bin/cc   -DCHECK_FUNCTION_EXISTS=pthread_create   -o CMakeFiles/cmTryCompileExec1402961747.dir/CheckFunctionExists.c.o   -c /usr/share/cmake-2.8/Modules/CheckFunctionExists.c
Linking C executable cmTryCompileExec1402961747
/usr/bin/cmake -E cmake_link_script CMakeFiles/cmTryCompileExec1402961747.dir/link.txt --verbose=1
/usr/bin/cc     -DCHECK_FUNCTION_EXISTS=pthread_create    CMakeFiles/cmTryCompileExec1402961747.dir/CheckFunctionExists.c.o  -o cmTryCompileExec1402961747 -rdynamic -lpthreads 
/usr/bin/ld: cannot find -lpthreads
collect2: error: ld returned 1 exit status
make[2]: *** [cmTryCompileExec1402961747] Error 1
make[2]: Leaving directory `/home/mikel/workspace/ros/PacBot/Brian/brian/build/CMakeFiles/CMakeTmp'
make[1]: *** [cmTryCompileExec1402961747/fast] Error 2
make[1]: Leaving directory `/home/mikel/workspace/ros/PacBot/Brian/brian/build/CMakeFiles/CMakeTmp'


